DEBUG:root:Try to open file: /home/tomas/Dropbox/Work/Python/MemSkel2/memskel/data/smallStack.tif
DEBUG:root:Application ended.
DEBUG:PIL.PngImagePlugin:STREAM 'IHDR' 16 13
DEBUG:PIL.PngImagePlugin:STREAM 'bKGD' 41 6
DEBUG:PIL.PngImagePlugin:'bKGD' 41 6 (unknown)
DEBUG:PIL.PngImagePlugin:STREAM 'pHYs' 59 9
DEBUG:PIL.PngImagePlugin:STREAM 'tIME' 80 7
DEBUG:PIL.PngImagePlugin:'tIME' 80 7 (unknown)
DEBUG:PIL.PngImagePlugin:STREAM 'IDAT' 99 2184
DEBUG:PIL.PngImagePlugin:STREAM 'IHDR' 16 13
DEBUG:PIL.PngImagePlugin:STREAM 'IDAT' 41 1135
DEBUG:PIL.PngImagePlugin:STREAM 'IHDR' 16 13
DEBUG:PIL.PngImagePlugin:STREAM 'IDAT' 41 1496
DEBUG:PIL.PngImagePlugin:STREAM 'IHDR' 16 13
DEBUG:PIL.PngImagePlugin:STREAM 'PLTE' 41 768
DEBUG:PIL.PngImagePlugin:STREAM 'IDAT' 821 611
DEBUG:PIL.PngImagePlugin:STREAM 'IHDR' 16 13
DEBUG:PIL.PngImagePlugin:STREAM 'sRGB' 41 1
DEBUG:PIL.PngImagePlugin:'sRGB' 41 1 (unknown)
DEBUG:PIL.PngImagePlugin:STREAM 'gAMA' 54 4
DEBUG:PIL.PngImagePlugin:STREAM 'pHYs' 70 9
DEBUG:PIL.PngImagePlugin:STREAM 'IDAT' 91 1560
DEBUG:PIL.PngImagePlugin:STREAM 'IHDR' 16 13
DEBUG:PIL.PngImagePlugin:STREAM 'IDAT' 41 342
DEBUG:PIL.PngImagePlugin:STREAM 'IHDR' 16 13
DEBUG:PIL.PngImagePlugin:STREAM 'IDAT' 41 1480
DEBUG:PIL.PngImagePlugin:STREAM 'IHDR' 16 13
DEBUG:PIL.PngImagePlugin:STREAM 'IDAT' 41 1123
DEBUG:PIL.PngImagePlugin:STREAM 'IHDR' 16 13
DEBUG:PIL.PngImagePlugin:STREAM 'sRGB' 41 1
DEBUG:PIL.PngImagePlugin:'sRGB' 41 1 (unknown)
DEBUG:PIL.PngImagePlugin:STREAM 'gAMA' 54 4
DEBUG:PIL.PngImagePlugin:STREAM 'pHYs' 70 9
DEBUG:PIL.PngImagePlugin:STREAM 'IDAT' 91 33341
DEBUG:root:Try to open file: /home/tomas/Dropbox/Work/Python/MemSkel2/memskel/data/smallStack.tif
DEBUG:root:Application ended.
DEBUG:PIL.PngImagePlugin:STREAM 'IHDR' 16 13
DEBUG:PIL.PngImagePlugin:STREAM 'bKGD' 41 6
DEBUG:PIL.PngImagePlugin:'bKGD' 41 6 (unknown)
DEBUG:PIL.PngImagePlugin:STREAM 'pHYs' 59 9
DEBUG:PIL.PngImagePlugin:STREAM 'tIME' 80 7
DEBUG:PIL.PngImagePlugin:'tIME' 80 7 (unknown)
DEBUG:PIL.PngImagePlugin:STREAM 'IDAT' 99 2184
DEBUG:PIL.PngImagePlugin:STREAM 'IHDR' 16 13
DEBUG:PIL.PngImagePlugin:STREAM 'IDAT' 41 1135
DEBUG:PIL.PngImagePlugin:STREAM 'IHDR' 16 13
DEBUG:PIL.PngImagePlugin:STREAM 'IDAT' 41 1496
DEBUG:PIL.PngImagePlugin:STREAM 'IHDR' 16 13
DEBUG:PIL.PngImagePlugin:STREAM 'PLTE' 41 768
DEBUG:PIL.PngImagePlugin:STREAM 'IDAT' 821 611
DEBUG:PIL.PngImagePlugin:STREAM 'IHDR' 16 13
DEBUG:PIL.PngImagePlugin:STREAM 'sRGB' 41 1
DEBUG:PIL.PngImagePlugin:'sRGB' 41 1 (unknown)
DEBUG:PIL.PngImagePlugin:STREAM 'gAMA' 54 4
DEBUG:PIL.PngImagePlugin:STREAM 'pHYs' 70 9
DEBUG:PIL.PngImagePlugin:STREAM 'IDAT' 91 1560
DEBUG:PIL.PngImagePlugin:STREAM 'IHDR' 16 13
DEBUG:PIL.PngImagePlugin:STREAM 'IDAT' 41 342
DEBUG:PIL.PngImagePlugin:STREAM 'IHDR' 16 13
DEBUG:PIL.PngImagePlugin:STREAM 'IDAT' 41 1480
DEBUG:PIL.PngImagePlugin:STREAM 'IHDR' 16 13
DEBUG:PIL.PngImagePlugin:STREAM 'IDAT' 41 1123
DEBUG:PIL.PngImagePlugin:STREAM 'IHDR' 16 13
DEBUG:PIL.PngImagePlugin:STREAM 'sRGB' 41 1
DEBUG:PIL.PngImagePlugin:'sRGB' 41 1 (unknown)
DEBUG:PIL.PngImagePlugin:STREAM 'gAMA' 54 4
DEBUG:PIL.PngImagePlugin:STREAM 'pHYs' 70 9
DEBUG:PIL.PngImagePlugin:STREAM 'IDAT' 91 33341
DEBUG:root:Application ended.
DEBUG:PIL.PngImagePlugin:STREAM 'IHDR' 16 13
DEBUG:PIL.PngImagePlugin:STREAM 'bKGD' 41 6
DEBUG:PIL.PngImagePlugin:'bKGD' 41 6 (unknown)
DEBUG:PIL.PngImagePlugin:STREAM 'pHYs' 59 9
DEBUG:PIL.PngImagePlugin:STREAM 'tIME' 80 7
DEBUG:PIL.PngImagePlugin:'tIME' 80 7 (unknown)
DEBUG:PIL.PngImagePlugin:STREAM 'IDAT' 99 2184
DEBUG:PIL.PngImagePlugin:STREAM 'IHDR' 16 13
DEBUG:PIL.PngImagePlugin:STREAM 'IDAT' 41 1135
DEBUG:PIL.PngImagePlugin:STREAM 'IHDR' 16 13
DEBUG:PIL.PngImagePlugin:STREAM 'IDAT' 41 1496
DEBUG:PIL.PngImagePlugin:STREAM 'IHDR' 16 13
DEBUG:PIL.PngImagePlugin:STREAM 'PLTE' 41 768
DEBUG:PIL.PngImagePlugin:STREAM 'IDAT' 821 611
DEBUG:PIL.PngImagePlugin:STREAM 'IHDR' 16 13
DEBUG:PIL.PngImagePlugin:STREAM 'sRGB' 41 1
DEBUG:PIL.PngImagePlugin:'sRGB' 41 1 (unknown)
DEBUG:PIL.PngImagePlugin:STREAM 'gAMA' 54 4
DEBUG:PIL.PngImagePlugin:STREAM 'pHYs' 70 9
DEBUG:PIL.PngImagePlugin:STREAM 'IDAT' 91 1560
DEBUG:PIL.PngImagePlugin:STREAM 'IHDR' 16 13
DEBUG:PIL.PngImagePlugin:STREAM 'IDAT' 41 342
DEBUG:PIL.PngImagePlugin:STREAM 'IHDR' 16 13
DEBUG:PIL.PngImagePlugin:STREAM 'IDAT' 41 1480
DEBUG:PIL.PngImagePlugin:STREAM 'IHDR' 16 13
DEBUG:PIL.PngImagePlugin:STREAM 'IDAT' 41 1123
DEBUG:PIL.PngImagePlugin:STREAM 'IHDR' 16 13
DEBUG:PIL.PngImagePlugin:STREAM 'sRGB' 41 1
DEBUG:PIL.PngImagePlugin:'sRGB' 41 1 (unknown)
DEBUG:PIL.PngImagePlugin:STREAM 'gAMA' 54 4
DEBUG:PIL.PngImagePlugin:STREAM 'pHYs' 70 9
DEBUG:PIL.PngImagePlugin:STREAM 'IDAT' 91 33341
DEBUG:root:Application ended.
